<?xml version="1.0" encoding="UTF-8"?>
<coverage generated="1773455152514" clover="3.2.0">
  <project timestamp="1773455152514" name="All files">
    <metrics statements="190" coveredstatements="186" conditionals="55" coveredconditionals="45" methods="16" coveredmethods="16" elements="261" coveredelements="247" complexity="0" loc="190" ncloc="190" packages="1" files="1" classes="1"/>
    <file name="context-store.ts" path="/Users/jacky/Documents/projects/mindful/cli/src/context-store.ts">
      <metrics statements="190" coveredstatements="186" conditionals="55" coveredconditionals="45" methods="16" coveredmethods="16"/>
      <line num="1" count="1" type="stmt"/>
      <line num="17" count="1" type="stmt"/>
      <line num="55" count="1" type="stmt"/>
      <line num="56" count="1" type="stmt"/>
      <line num="57" count="1" type="stmt"/>
      <line num="58" count="1" type="stmt"/>
      <line num="65" count="24" type="cond" truecount="1" falsecount="0"/>
      <line num="66" count="24" type="stmt"/>
      <line num="67" count="24" type="stmt"/>
      <line num="69" count="62" type="cond" truecount="1" falsecount="0"/>
      <line num="70" count="62" type="stmt"/>
      <line num="71" count="62" type="stmt"/>
      <line num="77" count="1" type="cond" truecount="1" falsecount="0"/>
      <line num="78" count="24" type="stmt"/>
      <line num="79" count="24" type="stmt"/>
      <line num="81" count="24" type="cond" truecount="1" falsecount="0"/>
      <line num="82" count="24" type="stmt"/>
      <line num="83" count="24" type="stmt"/>
      <line num="84" count="24" type="stmt"/>
      <line num="88" count="24" type="cond" truecount="1" falsecount="0"/>
      <line num="89" count="75" type="stmt"/>
      <line num="90" count="75" type="stmt"/>
      <line num="92" count="24" type="cond" truecount="1" falsecount="0"/>
      <line num="93" count="59" type="stmt"/>
      <line num="94" count="59" type="cond" truecount="1" falsecount="0"/>
      <line num="95" count="35" type="stmt"/>
      <line num="96" count="59" type="cond" truecount="1" falsecount="0"/>
      <line num="97" count="24" type="stmt"/>
      <line num="98" count="24" type="cond" truecount="0" falsecount="1"/>
      <line num="99" count="0" type="stmt"/>
      <line num="100" count="0" type="stmt"/>
      <line num="101" count="59" type="stmt"/>
      <line num="103" count="24" type="cond" truecount="1" falsecount="0"/>
      <line num="104" count="38" type="stmt"/>
      <line num="105" count="38" type="stmt"/>
      <line num="106" count="38" type="stmt"/>
      <line num="108" count="24" type="cond" truecount="1" falsecount="0"/>
      <line num="109" count="28" type="stmt"/>
      <line num="110" count="28" type="stmt"/>
      <line num="114" count="24" type="cond" truecount="1" falsecount="0"/>
      <line num="115" count="3" type="stmt"/>
      <line num="116" count="3" type="stmt"/>
      <line num="117" count="3" type="cond" truecount="1" falsecount="0"/>
      <line num="118" count="3" type="stmt"/>
      <line num="119" count="3" type="stmt"/>
      <line num="121" count="24" type="cond" truecount="1" falsecount="0"/>
      <line num="122" count="24" type="stmt"/>
      <line num="123" count="24" type="stmt"/>
      <line num="124" count="24" type="stmt"/>
      <line num="125" count="24" type="stmt"/>
      <line num="126" count="24" type="stmt"/>
      <line num="127" count="24" type="stmt"/>
      <line num="128" count="24" type="stmt"/>
      <line num="129" count="24" type="stmt"/>
      <line num="130" count="24" type="stmt"/>
      <line num="131" count="24" type="stmt"/>
      <line num="132" count="24" type="stmt"/>
      <line num="133" count="24" type="stmt"/>
      <line num="134" count="24" type="stmt"/>
      <line num="136" count="24" type="cond" truecount="1" falsecount="0"/>
      <line num="137" count="5" type="stmt"/>
      <line num="138" count="5" type="cond" truecount="1" falsecount="0"/>
      <line num="139" count="5" type="stmt"/>
      <line num="141" count="24" type="cond" truecount="1" falsecount="0"/>
      <line num="142" count="14" type="stmt"/>
      <line num="143" count="14" type="stmt"/>
      <line num="144" count="14" type="stmt"/>
      <line num="145" count="14" type="stmt"/>
      <line num="146" count="14" type="stmt"/>
      <line num="147" count="14" type="cond" truecount="0" falsecount="1"/>
      <line num="148" count="14" type="stmt"/>
      <line num="149" count="14" type="stmt"/>
      <line num="150" count="14" type="stmt"/>
      <line num="154" count="24" type="cond" truecount="1" falsecount="0"/>
      <line num="155" count="14" type="cond" truecount="2" falsecount="0"/>
      <line num="156" count="13" type="stmt"/>
      <line num="158" count="13" type="cond" truecount="1" falsecount="0"/>
      <line num="159" count="13" type="stmt"/>
      <line num="161" count="13" type="stmt"/>
      <line num="162" count="13" type="stmt"/>
      <line num="163" count="13" type="stmt"/>
      <line num="164" count="13" type="stmt"/>
      <line num="165" count="13" type="cond" truecount="0" falsecount="1"/>
      <line num="166" count="13" type="stmt"/>
      <line num="167" count="13" type="stmt"/>
      <line num="168" count="13" type="stmt"/>
      <line num="169" count="14" type="stmt"/>
      <line num="171" count="24" type="cond" truecount="1" falsecount="0"/>
      <line num="172" count="15" type="stmt"/>
      <line num="173" count="15" type="stmt"/>
      <line num="174" count="15" type="cond" truecount="1" falsecount="0"/>
      <line num="175" count="15" type="cond" truecount="1" falsecount="0"/>
      <line num="176" count="4" type="stmt"/>
      <line num="177" count="4" type="cond" truecount="0" falsecount="1"/>
      <line num="178" count="0" type="stmt"/>
      <line num="179" count="0" type="cond" truecount="1" falsecount="0"/>
      <line num="181" count="11" type="stmt"/>
      <line num="182" count="11" type="stmt"/>
      <line num="183" count="11" type="cond" truecount="1" falsecount="0"/>
      <line num="184" count="11" type="cond" truecount="1" falsecount="0"/>
      <line num="185" count="15" type="stmt"/>
      <line num="193" count="24" type="cond" truecount="1" falsecount="0"/>
      <line num="194" count="4" type="stmt"/>
      <line num="195" count="4" type="cond" truecount="2" falsecount="0"/>
      <line num="197" count="3" type="stmt"/>
      <line num="198" count="4" type="cond" truecount="1" falsecount="0"/>
      <line num="199" count="1" type="stmt"/>
      <line num="200" count="1" type="stmt"/>
      <line num="201" count="1" type="cond" truecount="1" falsecount="0"/>
      <line num="203" count="2" type="stmt"/>
      <line num="206" count="4" type="stmt"/>
      <line num="207" count="4" type="cond" truecount="1" falsecount="0"/>
      <line num="208" count="5" type="cond" truecount="0" falsecount="1"/>
      <line num="209" count="5" type="stmt"/>
      <line num="210" count="4" type="stmt"/>
      <line num="211" count="4" type="stmt"/>
      <line num="213" count="4" type="stmt"/>
      <line num="214" count="4" type="stmt"/>
      <line num="215" count="4" type="stmt"/>
      <line num="216" count="4" type="stmt"/>
      <line num="221" count="4" type="stmt"/>
      <line num="222" count="4" type="stmt"/>
      <line num="223" count="4" type="stmt"/>
      <line num="224" count="4" type="stmt"/>
      <line num="225" count="4" type="stmt"/>
      <line num="227" count="4" type="stmt"/>
      <line num="229" count="4" type="stmt"/>
      <line num="230" count="4" type="stmt"/>
      <line num="231" count="4" type="stmt"/>
      <line num="232" count="4" type="stmt"/>
      <line num="233" count="4" type="stmt"/>
      <line num="234" count="4" type="stmt"/>
      <line num="235" count="4" type="stmt"/>
      <line num="236" count="4" type="stmt"/>
      <line num="237" count="4" type="stmt"/>
      <line num="238" count="4" type="stmt"/>
      <line num="239" count="4" type="stmt"/>
      <line num="240" count="4" type="stmt"/>
      <line num="241" count="4" type="cond" truecount="1" falsecount="0"/>
      <line num="243" count="4" type="cond" truecount="1" falsecount="0"/>
      <line num="244" count="1" type="stmt"/>
      <line num="245" count="1" type="stmt"/>
      <line num="246" count="1" type="stmt"/>
      <line num="248" count="1" type="stmt"/>
      <line num="251" count="4" type="cond" truecount="0" falsecount="1"/>
      <line num="253" count="4" type="stmt"/>
      <line num="254" count="4" type="stmt"/>
      <line num="255" count="4" type="stmt"/>
      <line num="256" count="4" type="cond" truecount="1" falsecount="0"/>
      <line num="258" count="1" type="stmt"/>
      <line num="259" count="1" type="stmt"/>
      <line num="260" count="4" type="stmt"/>
      <line num="275" count="24" type="cond" truecount="1" falsecount="0"/>
      <line num="276" count="6" type="stmt"/>
      <line num="277" count="6" type="stmt"/>
      <line num="278" count="6" type="stmt"/>
      <line num="279" count="6" type="stmt"/>
      <line num="280" count="6" type="stmt"/>
      <line num="281" count="6" type="stmt"/>
      <line num="282" count="6" type="stmt"/>
      <line num="284" count="6" type="stmt"/>
      <line num="285" count="6" type="cond" truecount="2" falsecount="0"/>
      <line num="288" count="5" type="stmt"/>
      <line num="289" count="5" type="stmt"/>
      <line num="290" count="5" type="cond" truecount="1" falsecount="0"/>
      <line num="291" count="6" type="cond" truecount="1" falsecount="0"/>
      <line num="292" count="1" type="stmt"/>
      <line num="293" count="1" type="cond" truecount="0" falsecount="1"/>
      <line num="294" count="1" type="stmt"/>
      <line num="295" count="1" type="stmt"/>
      <line num="296" count="1" type="cond" truecount="1" falsecount="0"/>
      <line num="298" count="6" type="cond" truecount="1" falsecount="0"/>
      <line num="299" count="3" type="stmt"/>
      <line num="300" count="3" type="stmt"/>
      <line num="301" count="3" type="stmt"/>
      <line num="302" count="3" type="stmt"/>
      <line num="303" count="3" type="cond" truecount="1" falsecount="0"/>
      <line num="306" count="5" type="stmt"/>
      <line num="307" count="6" type="cond" truecount="1" falsecount="0"/>
      <line num="308" count="13" type="stmt"/>
      <line num="309" count="13" type="stmt"/>
      <line num="310" count="13" type="stmt"/>
      <line num="311" count="13" type="cond" truecount="0" falsecount="1"/>
      <line num="312" count="13" type="cond" truecount="0" falsecount="1"/>
      <line num="313" count="13" type="cond" truecount="0" falsecount="1"/>
      <line num="314" count="13" type="stmt"/>
      <line num="315" count="13" type="cond" truecount="1" falsecount="0"/>
      <line num="317" count="5" type="stmt"/>
      <line num="318" count="6" type="stmt"/>
      <line num="319" count="24" type="stmt"/>
    </file>
  </project>
</coverage>
