{"/Users/jacky/Documents/projects/mindful/cli/src/context-store.ts": {"path":"/Users/jacky/Documents/projects/mindful/cli/src/context-store.ts","all":false,"statementMap":{"0":{"start":{"line":1,"column":0},"end":{"line":1,"column":3}},"16":{"start":{"line":17,"column":0},"end":{"line":17,"column":51}},"54":{"start":{"line":55,"column":0},"end":{"line":55,"column":87}},"55":{"start":{"line":56,"column":0},"end":{"line":56,"column":38}},"56":{"start":{"line":57,"column":0},"end":{"line":57,"column":31}},"57":{"start":{"line":58,"column":0},"end":{"line":58,"column":68}},"64":{"start":{"line":65,"column":0},"end":{"line":65,"column":31}},"65":{"start":{"line":66,"column":0},"end":{"line":66,"column":49}},"66":{"start":{"line":67,"column":0},"end":{"line":67,"column":1}},"68":{"start":{"line":69,"column":0},"end":{"line":69,"column":24}},"69":{"start":{"line":70,"column":0},"end":{"line":70,"column":34}},"70":{"start":{"line":71,"column":0},"end":{"line":71,"column":1}},"76":{"start":{"line":77,"column":0},"end":{"line":77,"column":30}},"77":{"start":{"line":78,"column":0},"end":{"line":78,"column":38}},"78":{"start":{"line":79,"column":0},"end":{"line":79,"column":40}},"80":{"start":{"line":81,"column":0},"end":{"line":81,"column":57}},"81":{"start":{"line":82,"column":0},"end":{"line":82,"column":33}},"82":{"start":{"line":83,"column":0},"end":{"line":83,"column":61}},"83":{"start":{"line":84,"column":0},"end":{"line":84,"column":3}},"87":{"start":{"line":88,"column":0},"end":{"line":88,"column":44}},"88":{"start":{"line":89,"column":0},"end":{"line":89,"column":57}},"89":{"start":{"line":90,"column":0},"end":{"line":90,"column":3}},"91":{"start":{"line":92,"column":0},"end":{"line":92,"column":67}},"92":{"start":{"line":93,"column":0},"end":{"line":93,"column":9}},"93":{"start":{"line":94,"column":0},"end":{"line":94,"column":64}},"94":{"start":{"line":95,"column":0},"end":{"line":95,"column":60}},"95":{"start":{"line":96,"column":0},"end":{"line":96,"column":19}},"96":{"start":{"line":97,"column":0},"end":{"line":97,"column":55}},"97":{"start":{"line":98,"column":0},"end":{"line":98,"column":39}},"98":{"start":{"line":99,"column":0},"end":{"line":99,"column":16}},"99":{"start":{"line":100,"column":0},"end":{"line":100,"column":5}},"100":{"start":{"line":101,"column":0},"end":{"line":101,"column":3}},"102":{"start":{"line":103,"column":0},"end":{"line":103,"column":79}},"103":{"start":{"line":104,"column":0},"end":{"line":104,"column":27}},"104":{"start":{"line":105,"column":0},"end":{"line":105,"column":83}},"105":{"start":{"line":106,"column":0},"end":{"line":106,"column":3}},"107":{"start":{"line":108,"column":0},"end":{"line":108,"column":48}},"108":{"start":{"line":109,"column":0},"end":{"line":109,"column":60}},"109":{"start":{"line":110,"column":0},"end":{"line":110,"column":3}},"113":{"start":{"line":114,"column":0},"end":{"line":114,"column":48}},"114":{"start":{"line":115,"column":0},"end":{"line":115,"column":41}},"115":{"start":{"line":116,"column":0},"end":{"line":116,"column":37}},"116":{"start":{"line":117,"column":0},"end":{"line":117,"column":82}},"117":{"start":{"line":118,"column":0},"end":{"line":118,"column":6}},"118":{"start":{"line":119,"column":0},"end":{"line":119,"column":3}},"120":{"start":{"line":121,"column":0},"end":{"line":121,"column":47}},"121":{"start":{"line":122,"column":0},"end":{"line":122,"column":27}},"122":{"start":{"line":123,"column":0},"end":{"line":123,"column":41}},"123":{"start":{"line":124,"column":0},"end":{"line":124,"column":31}},"124":{"start":{"line":125,"column":0},"end":{"line":125,"column":23}},"125":{"start":{"line":126,"column":0},"end":{"line":126,"column":23}},"126":{"start":{"line":127,"column":0},"end":{"line":127,"column":23}},"127":{"start":{"line":128,"column":0},"end":{"line":128,"column":22}},"128":{"start":{"line":129,"column":0},"end":{"line":129,"column":6}},"129":{"start":{"line":130,"column":0},"end":{"line":130,"column":26}},"130":{"start":{"line":131,"column":0},"end":{"line":131,"column":33}},"131":{"start":{"line":132,"column":0},"end":{"line":132,"column":53}},"132":{"start":{"line":133,"column":0},"end":{"line":133,"column":16}},"133":{"start":{"line":134,"column":0},"end":{"line":134,"column":3}},"135":{"start":{"line":136,"column":0},"end":{"line":136,"column":61}},"136":{"start":{"line":137,"column":0},"end":{"line":137,"column":41}},"137":{"start":{"line":138,"column":0},"end":{"line":138,"column":29}},"138":{"start":{"line":139,"column":0},"end":{"line":139,"column":3}},"140":{"start":{"line":141,"column":0},"end":{"line":141,"column":27}},"141":{"start":{"line":142,"column":0},"end":{"line":142,"column":22}},"142":{"start":{"line":143,"column":0},"end":{"line":143,"column":58}},"143":{"start":{"line":144,"column":0},"end":{"line":144,"column":20}},"144":{"start":{"line":145,"column":0},"end":{"line":145,"column":41}},"145":{"start":{"line":146,"column":0},"end":{"line":146,"column":38}},"146":{"start":{"line":147,"column":0},"end":{"line":147,"column":80}},"147":{"start":{"line":148,"column":0},"end":{"line":148,"column":67}},"148":{"start":{"line":149,"column":0},"end":{"line":149,"column":33}},"149":{"start":{"line":150,"column":0},"end":{"line":150,"column":3}},"153":{"start":{"line":154,"column":0},"end":{"line":154,"column":82}},"154":{"start":{"line":155,"column":0},"end":{"line":155,"column":38}},"155":{"start":{"line":156,"column":0},"end":{"line":156,"column":27}},"157":{"start":{"line":158,"column":0},"end":{"line":158,"column":75}},"158":{"start":{"line":159,"column":0},"end":{"line":159,"column":67}},"160":{"start":{"line":161,"column":0},"end":{"line":161,"column":41}},"161":{"start":{"line":162,"column":0},"end":{"line":162,"column":34}},"162":{"start":{"line":163,"column":0},"end":{"line":163,"column":15}},"163":{"start":{"line":164,"column":0},"end":{"line":164,"column":40}},"164":{"start":{"line":165,"column":0},"end":{"line":165,"column":65}},"165":{"start":{"line":166,"column":0},"end":{"line":166,"column":9}},"166":{"start":{"line":167,"column":0},"end":{"line":167,"column":5}},"167":{"start":{"line":168,"column":0},"end":{"line":168,"column":77}},"168":{"start":{"line":169,"column":0},"end":{"line":169,"column":3}},"170":{"start":{"line":171,"column":0},"end":{"line":171,"column":64}},"171":{"start":{"line":172,"column":0},"end":{"line":172,"column":20}},"172":{"start":{"line":173,"column":0},"end":{"line":173,"column":9}},"173":{"start":{"line":174,"column":0},"end":{"line":174,"column":66}},"174":{"start":{"line":175,"column":0},"end":{"line":175,"column":19}},"175":{"start":{"line":176,"column":0},"end":{"line":176,"column":55}},"176":{"start":{"line":177,"column":0},"end":{"line":177,"column":39}},"177":{"start":{"line":178,"column":0},"end":{"line":178,"column":16}},"178":{"start":{"line":179,"column":0},"end":{"line":179,"column":5}},"180":{"start":{"line":181,"column":0},"end":{"line":181,"column":14}},"181":{"start":{"line":182,"column":0},"end":{"line":182,"column":18}},"182":{"start":{"line":183,"column":0},"end":{"line":183,"column":47}},"183":{"start":{"line":184,"column":0},"end":{"line":184,"column":53}},"184":{"start":{"line":185,"column":0},"end":{"line":185,"column":3}},"192":{"start":{"line":193,"column":0},"end":{"line":193,"column":86}},"193":{"start":{"line":194,"column":0},"end":{"line":194,"column":56}},"194":{"start":{"line":195,"column":0},"end":{"line":195,"column":41}},"196":{"start":{"line":197,"column":0},"end":{"line":197,"column":88}},"197":{"start":{"line":198,"column":0},"end":{"line":198,"column":18}},"198":{"start":{"line":199,"column":0},"end":{"line":199,"column":63}},"199":{"start":{"line":200,"column":0},"end":{"line":200,"column":16}},"200":{"start":{"line":201,"column":0},"end":{"line":201,"column":5}},"202":{"start":{"line":203,"column":0},"end":{"line":203,"column":88}},"205":{"start":{"line":206,"column":0},"end":{"line":206,"column":31}},"206":{"start":{"line":207,"column":0},"end":{"line":207,"column":19}},"207":{"start":{"line":208,"column":0},"end":{"line":208,"column":96}},"208":{"start":{"line":209,"column":0},"end":{"line":209,"column":40}},"209":{"start":{"line":210,"column":0},"end":{"line":210,"column":8}},"210":{"start":{"line":211,"column":0},"end":{"line":211,"column":20}},"212":{"start":{"line":213,"column":0},"end":{"line":213,"column":23}},"213":{"start":{"line":214,"column":0},"end":{"line":214,"column":30}},"214":{"start":{"line":215,"column":0},"end":{"line":215,"column":14}},"215":{"start":{"line":216,"column":0},"end":{"line":216,"column":47}},"220":{"start":{"line":221,"column":0},"end":{"line":221,"column":6}},"221":{"start":{"line":222,"column":0},"end":{"line":222,"column":21}},"222":{"start":{"line":223,"column":0},"end":{"line":223,"column":28}},"223":{"start":{"line":224,"column":0},"end":{"line":224,"column":59}},"224":{"start":{"line":225,"column":0},"end":{"line":225,"column":6}},"226":{"start":{"line":227,"column":0},"end":{"line":227,"column":89}},"228":{"start":{"line":229,"column":0},"end":{"line":229,"column":65}},"229":{"start":{"line":230,"column":0},"end":{"line":230,"column":21}},"230":{"start":{"line":231,"column":0},"end":{"line":231,"column":16}},"231":{"start":{"line":232,"column":0},"end":{"line":232,"column":43}},"232":{"start":{"line":233,"column":0},"end":{"line":233,"column":42}},"233":{"start":{"line":234,"column":0},"end":{"line":234,"column":8}},"234":{"start":{"line":235,"column":0},"end":{"line":235,"column":28}},"235":{"start":{"line":236,"column":0},"end":{"line":236,"column":14}},"236":{"start":{"line":237,"column":0},"end":{"line":237,"column":39}},"237":{"start":{"line":238,"column":0},"end":{"line":238,"column":24}},"238":{"start":{"line":239,"column":0},"end":{"line":239,"column":25}},"239":{"start":{"line":240,"column":0},"end":{"line":240,"column":9}},"240":{"start":{"line":241,"column":0},"end":{"line":241,"column":7}},"242":{"start":{"line":243,"column":0},"end":{"line":243,"column":23}},"243":{"start":{"line":244,"column":0},"end":{"line":244,"column":57}},"244":{"start":{"line":245,"column":0},"end":{"line":245,"column":77}},"245":{"start":{"line":246,"column":0},"end":{"line":246,"column":5}},"247":{"start":{"line":248,"column":0},"end":{"line":248,"column":45}},"250":{"start":{"line":251,"column":0},"end":{"line":251,"column":68}},"252":{"start":{"line":253,"column":0},"end":{"line":253,"column":38}},"253":{"start":{"line":254,"column":0},"end":{"line":254,"column":14}},"254":{"start":{"line":255,"column":0},"end":{"line":255,"column":35}},"255":{"start":{"line":256,"column":0},"end":{"line":256,"column":7}},"257":{"start":{"line":258,"column":0},"end":{"line":258,"column":89}},"258":{"start":{"line":259,"column":0},"end":{"line":259,"column":19}},"259":{"start":{"line":260,"column":0},"end":{"line":260,"column":3}},"274":{"start":{"line":275,"column":0},"end":{"line":275,"column":21}},"275":{"start":{"line":276,"column":0},"end":{"line":276,"column":22}},"276":{"start":{"line":277,"column":0},"end":{"line":277,"column":25}},"277":{"start":{"line":278,"column":0},"end":{"line":278,"column":45}},"278":{"start":{"line":279,"column":0},"end":{"line":279,"column":35}},"279":{"start":{"line":280,"column":0},"end":{"line":280,"column":42}},"280":{"start":{"line":281,"column":0},"end":{"line":281,"column":48}},"281":{"start":{"line":282,"column":0},"end":{"line":282,"column":6}},"283":{"start":{"line":284,"column":0},"end":{"line":284,"column":56}},"284":{"start":{"line":285,"column":0},"end":{"line":285,"column":46}},"287":{"start":{"line":288,"column":0},"end":{"line":288,"column":24}},"288":{"start":{"line":289,"column":0},"end":{"line":289,"column":9}},"289":{"start":{"line":290,"column":0},"end":{"line":290,"column":48}},"290":{"start":{"line":291,"column":0},"end":{"line":291,"column":19}},"291":{"start":{"line":292,"column":0},"end":{"line":292,"column":72}},"292":{"start":{"line":293,"column":0},"end":{"line":293,"column":64}},"293":{"start":{"line":294,"column":0},"end":{"line":294,"column":9}},"294":{"start":{"line":295,"column":0},"end":{"line":295,"column":19}},"295":{"start":{"line":296,"column":0},"end":{"line":296,"column":5}},"297":{"start":{"line":298,"column":0},"end":{"line":298,"column":18}},"298":{"start":{"line":299,"column":0},"end":{"line":299,"column":20}},"299":{"start":{"line":300,"column":0},"end":{"line":300,"column":23}},"300":{"start":{"line":301,"column":0},"end":{"line":301,"column":64}},"301":{"start":{"line":302,"column":0},"end":{"line":302,"column":9}},"302":{"start":{"line":303,"column":0},"end":{"line":303,"column":5}},"305":{"start":{"line":306,"column":0},"end":{"line":306,"column":47}},"306":{"start":{"line":307,"column":0},"end":{"line":307,"column":29}},"307":{"start":{"line":308,"column":0},"end":{"line":308,"column":20}},"308":{"start":{"line":309,"column":0},"end":{"line":309,"column":21}},"309":{"start":{"line":310,"column":0},"end":{"line":310,"column":27}},"310":{"start":{"line":311,"column":0},"end":{"line":311,"column":60}},"311":{"start":{"line":312,"column":0},"end":{"line":312,"column":62}},"312":{"start":{"line":313,"column":0},"end":{"line":313,"column":56}},"313":{"start":{"line":314,"column":0},"end":{"line":314,"column":9}},"314":{"start":{"line":315,"column":0},"end":{"line":315,"column":5}},"316":{"start":{"line":317,"column":0},"end":{"line":317,"column":19}},"317":{"start":{"line":318,"column":0},"end":{"line":318,"column":3}},"318":{"start":{"line":319,"column":0},"end":{"line":319,"column":1}}},"s":{"0":1,"16":1,"54":1,"55":1,"56":1,"57":1,"64":24,"65":24,"66":24,"68":62,"69":62,"70":62,"76":1,"77":24,"78":24,"80":24,"81":24,"82":24,"83":24,"87":24,"88":75,"89":75,"91":24,"92":59,"93":59,"94":35,"95":59,"96":24,"97":24,"98":0,"99":0,"100":59,"102":24,"103":38,"104":38,"105":38,"107":24,"108":28,"109":28,"113":24,"114":3,"115":3,"116":3,"117":3,"118":3,"120":24,"121":24,"122":24,"123":24,"124":24,"125":24,"126":24,"127":24,"128":24,"129":24,"130":24,"131":24,"132":24,"133":24,"135":24,"136":5,"137":5,"138":5,"140":24,"141":14,"142":14,"143":14,"144":14,"145":14,"146":14,"147":14,"148":14,"149":14,"153":24,"154":14,"155":13,"157":13,"158":13,"160":13,"161":13,"162":13,"163":13,"164":13,"165":13,"166":13,"167":13,"168":14,"170":24,"171":15,"172":15,"173":15,"174":15,"175":4,"176":4,"177":0,"178":0,"180":11,"181":11,"182":11,"183":11,"184":15,"192":24,"193":4,"194":4,"196":3,"197":4,"198":1,"199":1,"200":1,"202":2,"205":4,"206":4,"207":5,"208":5,"209":4,"210":4,"212":4,"213":4,"214":4,"215":4,"220":4,"221":4,"222":4,"223":4,"224":4,"226":4,"228":4,"229":4,"230":4,"231":4,"232":4,"233":4,"234":4,"235":4,"236":4,"237":4,"238":4,"239":4,"240":4,"242":4,"243":1,"244":1,"245":1,"247":1,"250":4,"252":4,"253":4,"254":4,"255":4,"257":1,"258":1,"259":4,"274":24,"275":6,"276":6,"277":6,"278":6,"279":6,"280":6,"281":6,"283":6,"284":6,"287":5,"288":5,"289":5,"290":6,"291":1,"292":1,"293":1,"294":1,"295":1,"297":6,"298":3,"299":3,"300":3,"301":3,"302":3,"305":5,"306":6,"307":13,"308":13,"309":13,"310":13,"311":13,"312":13,"313":13,"314":13,"316":5,"317":6,"318":24},"branchMap":{"0":{"type":"branch","line":65,"loc":{"start":{"line":65,"column":0},"end":{"line":67,"column":1}},"locations":[{"start":{"line":65,"column":0},"end":{"line":67,"column":1}}]},"1":{"type":"branch","line":69,"loc":{"start":{"line":69,"column":0},"end":{"line":71,"column":1}},"locations":[{"start":{"line":69,"column":0},"end":{"line":71,"column":1}}]},"2":{"type":"branch","line":77,"loc":{"start":{"line":77,"column":29},"end":{"line":319,"column":1}},"locations":[{"start":{"line":77,"column":29},"end":{"line":319,"column":1}}]},"3":{"type":"branch","line":81,"loc":{"start":{"line":81,"column":2},"end":{"line":84,"column":3}},"locations":[{"start":{"line":81,"column":2},"end":{"line":84,"column":3}}]},"4":{"type":"branch","line":88,"loc":{"start":{"line":88,"column":2},"end":{"line":90,"column":3}},"locations":[{"start":{"line":88,"column":2},"end":{"line":90,"column":3}}]},"5":{"type":"branch","line":92,"loc":{"start":{"line":92,"column":2},"end":{"line":101,"column":3}},"locations":[{"start":{"line":92,"column":2},"end":{"line":101,"column":3}}]},"6":{"type":"branch","line":94,"loc":{"start":{"line":94,"column":62},"end":{"line":96,"column":13}},"locations":[{"start":{"line":94,"column":62},"end":{"line":96,"column":13}}]},"7":{"type":"branch","line":96,"loc":{"start":{"line":96,"column":4},"end":{"line":100,"column":5}},"locations":[{"start":{"line":96,"column":4},"end":{"line":100,"column":5}}]},"8":{"type":"branch","line":98,"loc":{"start":{"line":98,"column":37},"end":{"line":100,"column":5}},"locations":[{"start":{"line":98,"column":37},"end":{"line":100,"column":5}}]},"9":{"type":"branch","line":103,"loc":{"start":{"line":103,"column":2},"end":{"line":106,"column":3}},"locations":[{"start":{"line":103,"column":2},"end":{"line":106,"column":3}}]},"10":{"type":"branch","line":108,"loc":{"start":{"line":108,"column":10},"end":{"line":110,"column":3}},"locations":[{"start":{"line":108,"column":10},"end":{"line":110,"column":3}}]},"11":{"type":"branch","line":114,"loc":{"start":{"line":114,"column":2},"end":{"line":119,"column":3}},"locations":[{"start":{"line":114,"column":2},"end":{"line":119,"column":3}}]},"12":{"type":"branch","line":117,"loc":{"start":{"line":117,"column":6},"end":{"line":117,"column":82}},"locations":[{"start":{"line":117,"column":6},"end":{"line":117,"column":82}}]},"13":{"type":"branch","line":121,"loc":{"start":{"line":121,"column":2},"end":{"line":134,"column":3}},"locations":[{"start":{"line":121,"column":2},"end":{"line":134,"column":3}}]},"14":{"type":"branch","line":136,"loc":{"start":{"line":136,"column":2},"end":{"line":139,"column":3}},"locations":[{"start":{"line":136,"column":2},"end":{"line":139,"column":3}}]},"15":{"type":"branch","line":138,"loc":{"start":{"line":138,"column":19},"end":{"line":138,"column":29}},"locations":[{"start":{"line":138,"column":19},"end":{"line":138,"column":29}}]},"16":{"type":"branch","line":141,"loc":{"start":{"line":141,"column":2},"end":{"line":150,"column":3}},"locations":[{"start":{"line":141,"column":2},"end":{"line":150,"column":3}}]},"17":{"type":"branch","line":147,"loc":{"start":{"line":147,"column":19},"end":{"line":147,"column":80}},"locations":[{"start":{"line":147,"column":19},"end":{"line":147,"column":80}}]},"18":{"type":"branch","line":154,"loc":{"start":{"line":154,"column":2},"end":{"line":169,"column":3}},"locations":[{"start":{"line":154,"column":2},"end":{"line":169,"column":3}}]},"19":{"type":"branch","line":155,"loc":{"start":{"line":155,"column":31},"end":{"line":155,"column":38}},"locations":[{"start":{"line":155,"column":31},"end":{"line":155,"column":38}}]},"20":{"type":"branch","line":155,"loc":{"start":{"line":155,"column":31},"end":{"line":168,"column":77}},"locations":[{"start":{"line":155,"column":31},"end":{"line":168,"column":77}}]},"21":{"type":"branch","line":165,"loc":{"start":{"line":165,"column":28},"end":{"line":165,"column":49}},"locations":[{"start":{"line":165,"column":28},"end":{"line":165,"column":49}}]},"22":{"type":"branch","line":158,"loc":{"start":{"line":158,"column":31},"end":{"line":158,"column":55}},"locations":[{"start":{"line":158,"column":31},"end":{"line":158,"column":55}}]},"23":{"type":"branch","line":171,"loc":{"start":{"line":171,"column":2},"end":{"line":185,"column":3}},"locations":[{"start":{"line":171,"column":2},"end":{"line":185,"column":3}}]},"24":{"type":"branch","line":174,"loc":{"start":{"line":174,"column":64},"end":{"line":175,"column":13}},"locations":[{"start":{"line":174,"column":64},"end":{"line":175,"column":13}}]},"25":{"type":"branch","line":175,"loc":{"start":{"line":175,"column":4},"end":{"line":179,"column":5}},"locations":[{"start":{"line":175,"column":4},"end":{"line":179,"column":5}}]},"26":{"type":"branch","line":177,"loc":{"start":{"line":177,"column":37},"end":{"line":179,"column":5}},"locations":[{"start":{"line":177,"column":37},"end":{"line":179,"column":5}}]},"27":{"type":"branch","line":179,"loc":{"start":{"line":179,"column":4},"end":{"line":184,"column":53}},"locations":[{"start":{"line":179,"column":4},"end":{"line":184,"column":53}}]},"28":{"type":"branch","line":183,"loc":{"start":{"line":183,"column":14},"end":{"line":183,"column":46}},"locations":[{"start":{"line":183,"column":14},"end":{"line":183,"column":46}}]},"29":{"type":"branch","line":184,"loc":{"start":{"line":184,"column":11},"end":{"line":184,"column":51}},"locations":[{"start":{"line":184,"column":11},"end":{"line":184,"column":51}}]},"30":{"type":"branch","line":193,"loc":{"start":{"line":193,"column":2},"end":{"line":260,"column":3}},"locations":[{"start":{"line":193,"column":2},"end":{"line":260,"column":3}}]},"31":{"type":"branch","line":195,"loc":{"start":{"line":195,"column":31},"end":{"line":195,"column":41}},"locations":[{"start":{"line":195,"column":31},"end":{"line":195,"column":41}}]},"32":{"type":"branch","line":195,"loc":{"start":{"line":195,"column":38},"end":{"line":197,"column":88}},"locations":[{"start":{"line":195,"column":38},"end":{"line":197,"column":88}}]},"33":{"type":"branch","line":198,"loc":{"start":{"line":198,"column":17},"end":{"line":201,"column":5}},"locations":[{"start":{"line":198,"column":17},"end":{"line":201,"column":5}}]},"34":{"type":"branch","line":201,"loc":{"start":{"line":201,"column":4},"end":{"line":203,"column":88}},"locations":[{"start":{"line":201,"column":4},"end":{"line":203,"column":88}}]},"35":{"type":"branch","line":241,"loc":{"start":{"line":241,"column":5},"end":{"line":243,"column":22}},"locations":[{"start":{"line":241,"column":5},"end":{"line":243,"column":22}}]},"36":{"type":"branch","line":243,"loc":{"start":{"line":243,"column":22},"end":{"line":251,"column":60}},"locations":[{"start":{"line":243,"column":22},"end":{"line":251,"column":60}}]},"37":{"type":"branch","line":251,"loc":{"start":{"line":251,"column":60},"end":{"line":251,"column":68}},"locations":[{"start":{"line":251,"column":60},"end":{"line":251,"column":68}}]},"38":{"type":"branch","line":256,"loc":{"start":{"line":256,"column":5},"end":{"line":259,"column":19}},"locations":[{"start":{"line":256,"column":5},"end":{"line":259,"column":19}}]},"39":{"type":"branch","line":207,"loc":{"start":{"line":207,"column":11},"end":{"line":210,"column":7}},"locations":[{"start":{"line":207,"column":11},"end":{"line":210,"column":7}}]},"40":{"type":"branch","line":208,"loc":{"start":{"line":208,"column":34},"end":{"line":208,"column":82}},"locations":[{"start":{"line":208,"column":34},"end":{"line":208,"column":82}}]},"41":{"type":"branch","line":275,"loc":{"start":{"line":275,"column":2},"end":{"line":318,"column":3}},"locations":[{"start":{"line":275,"column":2},"end":{"line":318,"column":3}}]},"42":{"type":"branch","line":285,"loc":{"start":{"line":285,"column":31},"end":{"line":285,"column":46}},"locations":[{"start":{"line":285,"column":31},"end":{"line":285,"column":46}}]},"43":{"type":"branch","line":285,"loc":{"start":{"line":285,"column":38},"end":{"line":290,"column":48}},"locations":[{"start":{"line":285,"column":38},"end":{"line":290,"column":48}}]},"44":{"type":"branch","line":290,"loc":{"start":{"line":290,"column":46},"end":{"line":291,"column":13}},"locations":[{"start":{"line":290,"column":46},"end":{"line":291,"column":13}}]},"45":{"type":"branch","line":291,"loc":{"start":{"line":291,"column":4},"end":{"line":296,"column":5}},"locations":[{"start":{"line":291,"column":4},"end":{"line":296,"column":5}}]},"46":{"type":"branch","line":293,"loc":{"start":{"line":293,"column":42},"end":{"line":293,"column":64}},"locations":[{"start":{"line":293,"column":42},"end":{"line":293,"column":64}}]},"47":{"type":"branch","line":296,"loc":{"start":{"line":296,"column":4},"end":{"line":298,"column":17}},"locations":[{"start":{"line":296,"column":4},"end":{"line":298,"column":17}}]},"48":{"type":"branch","line":298,"loc":{"start":{"line":298,"column":17},"end":{"line":303,"column":5}},"locations":[{"start":{"line":298,"column":17},"end":{"line":303,"column":5}}]},"49":{"type":"branch","line":303,"loc":{"start":{"line":303,"column":4},"end":{"line":307,"column":28}},"locations":[{"start":{"line":303,"column":4},"end":{"line":307,"column":28}}]},"50":{"type":"branch","line":307,"loc":{"start":{"line":307,"column":28},"end":{"line":315,"column":5}},"locations":[{"start":{"line":307,"column":28},"end":{"line":315,"column":5}}]},"51":{"type":"branch","line":311,"loc":{"start":{"line":311,"column":14},"end":{"line":311,"column":56}},"locations":[{"start":{"line":311,"column":14},"end":{"line":311,"column":56}}]},"52":{"type":"branch","line":312,"loc":{"start":{"line":312,"column":14},"end":{"line":312,"column":58}},"locations":[{"start":{"line":312,"column":14},"end":{"line":312,"column":58}}]},"53":{"type":"branch","line":313,"loc":{"start":{"line":313,"column":14},"end":{"line":313,"column":52}},"locations":[{"start":{"line":313,"column":14},"end":{"line":313,"column":52}}]},"54":{"type":"branch","line":315,"loc":{"start":{"line":315,"column":4},"end":{"line":317,"column":19}},"locations":[{"start":{"line":315,"column":4},"end":{"line":317,"column":19}}]}},"b":{"0":[24],"1":[62],"2":[24],"3":[24],"4":[75],"5":[59],"6":[35],"7":[24],"8":[0],"9":[38],"10":[28],"11":[3],"12":[2],"13":[24],"14":[5],"15":[1],"16":[14],"17":[0],"18":[14],"19":[1],"20":[13],"21":[0],"22":[40],"23":[15],"24":[11],"25":[4],"26":[0],"27":[11],"28":[46],"29":[35],"30":[4],"31":[1],"32":[3],"33":[1],"34":[2],"35":[2],"36":[1],"37":[0],"38":[1],"39":[5],"40":[0],"41":[6],"42":[1],"43":[5],"44":[4],"45":[1],"46":[0],"47":[5],"48":[3],"49":[5],"50":[13],"51":[0],"52":[0],"53":[0],"54":[5]},"fnMap":{"0":{"name":"generateId","decl":{"start":{"line":65,"column":0},"end":{"line":67,"column":1}},"loc":{"start":{"line":65,"column":0},"end":{"line":67,"column":1}},"line":65},"1":{"name":"now","decl":{"start":{"line":69,"column":0},"end":{"line":71,"column":1}},"loc":{"start":{"line":69,"column":0},"end":{"line":71,"column":1}},"line":69},"2":{"name":"<instance_members_initializer>","decl":{"start":{"line":77,"column":29},"end":{"line":319,"column":1}},"loc":{"start":{"line":77,"column":29},"end":{"line":319,"column":1}},"line":77},"3":{"name":"CliContextStore","decl":{"start":{"line":81,"column":2},"end":{"line":84,"column":3}},"loc":{"start":{"line":81,"column":2},"end":{"line":84,"column":3}},"line":81},"4":{"name":"ensureDir","decl":{"start":{"line":88,"column":2},"end":{"line":90,"column":3}},"loc":{"start":{"line":88,"column":2},"end":{"line":90,"column":3}},"line":88},"5":{"name":"readIndex","decl":{"start":{"line":92,"column":2},"end":{"line":101,"column":3}},"loc":{"start":{"line":92,"column":2},"end":{"line":101,"column":3}},"line":92},"6":{"name":"writeIndex","decl":{"start":{"line":103,"column":2},"end":{"line":106,"column":3}},"loc":{"start":{"line":103,"column":2},"end":{"line":106,"column":3}},"line":103},"7":{"name":"jsonlPath","decl":{"start":{"line":108,"column":10},"end":{"line":110,"column":3}},"loc":{"start":{"line":108,"column":10},"end":{"line":110,"column":3}},"line":108},"8":{"name":"listSessions","decl":{"start":{"line":114,"column":2},"end":{"line":119,"column":3}},"loc":{"start":{"line":114,"column":2},"end":{"line":119,"column":3}},"line":114},"9":{"name":"createSession","decl":{"start":{"line":121,"column":2},"end":{"line":134,"column":3}},"loc":{"start":{"line":121,"column":2},"end":{"line":134,"column":3}},"line":121},"10":{"name":"getSession","decl":{"start":{"line":136,"column":2},"end":{"line":139,"column":3}},"loc":{"start":{"line":136,"column":2},"end":{"line":139,"column":3}},"line":136},"11":{"name":"updateMeta","decl":{"start":{"line":141,"column":2},"end":{"line":150,"column":3}},"loc":{"start":{"line":141,"column":2},"end":{"line":150,"column":3}},"line":141},"12":{"name":"appendMessages","decl":{"start":{"line":154,"column":2},"end":{"line":169,"column":3}},"loc":{"start":{"line":154,"column":2},"end":{"line":169,"column":3}},"line":154},"13":{"name":"readMessages","decl":{"start":{"line":171,"column":2},"end":{"line":185,"column":3}},"loc":{"start":{"line":171,"column":2},"end":{"line":185,"column":3}},"line":171},"14":{"name":"summarise","decl":{"start":{"line":193,"column":2},"end":{"line":260,"column":3}},"loc":{"start":{"line":193,"column":2},"end":{"line":260,"column":3}},"line":193},"15":{"name":"buildHistory","decl":{"start":{"line":275,"column":2},"end":{"line":318,"column":3}},"loc":{"start":{"line":275,"column":2},"end":{"line":318,"column":3}},"line":275}},"f":{"0":24,"1":62,"2":24,"3":24,"4":75,"5":59,"6":38,"7":28,"8":3,"9":24,"10":5,"11":14,"12":14,"13":15,"14":4,"15":6}}
}
